# JRE version: OpenJDK Runtime Environment (8.0_202-b03) (build 1.8.0_202-release-1483-b03)
# Java VM: OpenJDK 64-Bit Server VM (25.202-b03 mixed mode windows-amd64 compressed oops)
Heap:
 PSYoungGen      total 115200K, used 41072K [0x00000000f5580000, 0x00000000ffc00000, 0x0000000100000000)
  eden space 66048K, 42% used [0x00000000f5580000,0x00000000f70ecb90,0x00000000f9600000)
  from space 49152K, 26% used [0x00000000f9600000,0x00000000fa2af4c8,0x00000000fc600000)
  to   space 48128K, 0% used [0x00000000fcd00000,0x00000000fcd00000,0x00000000ffc00000)
 ParOldGen       total 312320K, used 179667K [0x00000000e0000000, 0x00000000f3100000, 0x00000000f5580000)
  object space 312320K, 57% used [0x00000000e0000000,0x00000000eaf74e40,0x00000000f3100000)
 Metaspace       used 133343K, capacity 141320K, committed 141480K, reserved 1171456K
  class space    used 17342K, capacity 19040K, committed 19120K, reserved 1048576K
GC Heap History (10 events):
Event: 964.579 GC heap before
{Heap before GC invocations=55 (full 4):
 PSYoungGen      total 116736K, used 95113K [0x00000000f5580000, 0x0000000100000000, 0x0000000100000000)
  eden space 58880K, 100% used [0x00000000f5580000,0x00000000f8f00000,0x00000000f8f00000)
  from space 57856K, 62% used [0x00000000fc780000,0x00000000feae2720,0x0000000100000000)
  to   space 57856K, 0% used [0x00000000f8f00000,0x00000000f8f00000,0x00000000fc780000)
 ParOldGen       total 312320K, used 141021K [0x00000000e0000000, 0x00000000f3100000, 0x00000000f5580000)
  object space 312320K, 45% used [0x00000000e0000000,0x00000000e89b7570,0x00000000f3100000)
 Metaspace       used 125956K, capacity 133320K, committed 133416K, reserved 1165312K
  class space    used 16330K, capacity 17882K, committed 17968K, reserved 1048576K
Event: 964.627 GC heap after
Heap after GC invocations=55 (full 4):
 PSYoungGen      total 81920K, used 22625K [0x00000000f5580000, 0x00000000ffe00000, 0x0000000100000000)
  eden space 58880K, 0% used [0x00000000f5580000,0x00000000f5580000,0x00000000f8f00000)
  from space 23040K, 98% used [0x00000000f8f00000,0x00000000fa518400,0x00000000fa580000)
  to   space 56832K, 0% used [0x00000000fc680000,0x00000000fc680000,0x00000000ffe00000)
 ParOldGen       total 312320K, used 159093K [0x00000000e0000000, 0x00000000f3100000, 0x00000000f5580000)
  object space 312320K, 50% used [0x00000000e0000000,0x00000000e9b5d798,0x00000000f3100000)
 Metaspace       used 125956K, capacity 133320K, committed 133416K, reserved 1165312K
  class space    used 16330K, capacity 17882K, committed 17968K, reserved 1048576K
}
Event: 965.559 GC heap before
{Heap before GC invocations=56 (full 4):
 PSYoungGen      total 81920K, used 81505K [0x00000000f5580000, 0x00000000ffe00000, 0x0000000100000000)
  eden space 58880K, 100% used [0x00000000f5580000,0x00000000f8f00000,0x00000000f8f00000)
  from space 23040K, 98% used [0x00000000f8f00000,0x00000000fa518400,0x00000000fa580000)
  to   space 56832K, 0% used [0x00000000fc680000,0x00000000fc680000,0x00000000ffe00000)
 ParOldGen       total 312320K, used 159093K [0x00000000e0000000, 0x00000000f3100000, 0x00000000f5580000)
  object space 312320K, 50% used [0x00000000e0000000,0x00000000e9b5d798,0x00000000f3100000)
 Metaspace       used 126146K, capacity 133482K, committed 133672K, reserved 1165312K
  class space    used 16349K, capacity 17927K, committed 17968K, reserved 1048576K
Event: 965.591 GC heap after
Heap after GC invocations=56 (full 4):
 PSYoungGen      total 118784K, used 20661K [0x00000000f5580000, 0x00000000ffe80000, 0x0000000100000000)
  eden space 61952K, 0% used [0x00000000f5580000,0x00000000f5580000,0x00000000f9200000)
  from space 56832K, 36% used [0x00000000fc680000,0x00000000fdaad5a8,0x00000000ffe00000)
  to   space 53760K, 0% used [0x00000000f9200000,0x00000000f9200000,0x00000000fc680000)
 ParOldGen       total 312320K, used 164408K [0x00000000e0000000, 0x00000000f3100000, 0x00000000f5580000)
  object space 312320K, 52% used [0x00000000e0000000,0x00000000ea08e3e0,0x00000000f3100000)
 Metaspace       used 126146K, capacity 133482K, committed 133672K, reserved 1165312K
  class space    used 16349K, capacity 17927K, committed 17968K, reserved 1048576K
}
Event: 966.318 GC heap before
{Heap before GC invocations=57 (full 4):
 PSYoungGen      total 118784K, used 82613K [0x00000000f5580000, 0x00000000ffe80000, 0x0000000100000000)
  eden space 61952K, 100% used [0x00000000f5580000,0x00000000f9200000,0x00000000f9200000)
  from space 56832K, 36% used [0x00000000fc680000,0x00000000fdaad5a8,0x00000000ffe00000)
  to   space 53760K, 0% used [0x00000000f9200000,0x00000000f9200000,0x00000000fc680000)
 ParOldGen       total 312320K, used 164487K [0x00000000e0000000, 0x00000000f3100000, 0x00000000f5580000)
  object space 312320K, 52% used [0x00000000e0000000,0x00000000ea0a1dd0,0x00000000f3100000)
 Metaspace       used 126771K, capacity 134170K, committed 134312K, reserved 1165312K
  class space    used 16400K, capacity 17977K, committed 18096K, reserved 1048576K
Event: 966.370 GC heap after
Heap after GC invocations=57 (full 4):
 PSYoungGen      total 83456K, used 21203K [0x00000000f5580000, 0x00000000ff800000, 0x0000000100000000)
  eden space 61952K, 0% used [0x00000000f5580000,0x00000000f5580000,0x00000000f9200000)
  from space 21504K, 98% used [0x00000000f9200000,0x00000000fa6b4f88,0x00000000fa700000)
  to   space 51200K, 0% used [0x00000000fc600000,0x00000000fc600000,0x00000000ff800000)
 ParOldGen       total 312320K, used 167716K [0x00000000e0000000, 0x00000000f3100000, 0x00000000f5580000)
  object space 312320K, 53% used [0x00000000e0000000,0x00000000ea3c9100,0x00000000f3100000)
 Metaspace       used 126771K, capacity 134170K, committed 134312K, reserved 1165312K
  class space    used 16400K, capacity 17977K, committed 18096K, reserved 1048576K
}
Event: 966.721 GC heap before
{Heap before GC invocations=58 (full 4):
 PSYoungGen      total 83456K, used 83155K [0x00000000f5580000, 0x00000000ff800000, 0x0000000100000000)
  eden space 61952K, 100% used [0x00000000f5580000,0x00000000f9200000,0x00000000f9200000)
  from space 21504K, 98% used [0x00000000f9200000,0x00000000fa6b4f88,0x00000000fa700000)
  to   space 51200K, 0% used [0x00000000fc600000,0x00000000fc600000,0x00000000ff800000)
 ParOldGen       total 312320K, used 167747K [0x00000000e0000000, 0x00000000f3100000, 0x00000000f5580000)
  object space 312320K, 53% used [0x00000000e0000000,0x00000000ea3d0c80,0x00000000f3100000)
 Metaspace       used 126783K, capacity 134170K, committed 134312K, reserved 1165312K
  class space    used 16401K, capacity 17977K, committed 18096K, reserved 1048576K
Event: 966.767 GC heap after
Heap after GC invocations=58 (full 4):
 PSYoungGen      total 117248K, used 17648K [0x00000000f5580000, 0x00000000ffb00000, 0x0000000100000000)
  eden space 66048K, 0% used [0x00000000f5580000,0x00000000f5580000,0x00000000f9600000)
  from space 51200K, 34% used [0x00000000fc600000,0x00000000fd73c078,0x00000000ff800000)
  to   space 49152K, 0% used [0x00000000f9600000,0x00000000f9600000,0x00000000fc600000)
 ParOldGen       total 312320K, used 173962K [0x00000000e0000000, 0x00000000f3100000, 0x00000000f5580000)
  object space 312320K, 55% used [0x00000000e0000000,0x00000000ea9e2808,0x00000000f3100000)
 Metaspace       used 126783K, capacity 134170K, committed 134312K, reserved 1165312K
  class space    used 16401K, capacity 17977K, committed 18096K, reserved 1048576K
}
Event: 967.971 GC heap before
{Heap before GC invocations=59 (full 4):
 PSYoungGen      total 117248K, used 83696K [0x00000000f5580000, 0x00000000ffb00000, 0x0000000100000000)
  eden space 66048K, 100% used [0x00000000f5580000,0x00000000f9600000,0x00000000f9600000)
  from space 51200K, 34% used [0x00000000fc600000,0x00000000fd73c078,0x00000000ff800000)
  to   space 49152K, 0% used [0x00000000f9600000,0x00000000f9600000,0x00000000fc600000)
 ParOldGen       total 312320K, used 173962K [0x00000000e0000000, 0x00000000f3100000, 0x00000000f5580000)
  object space 312320K, 55% used [0x00000000e0000000,0x00000000ea9e2808,0x00000000f3100000)
 Metaspace       used 128646K, capacity 136202K, committed 136232K, reserved 1167360K
  class space    used 16637K, capacity 18223K, committed 18224K, reserved 1048576K
Event: 967.998 GC heap after
Heap after GC invocations=59 (full 4):
 PSYoungGen      total 115200K, used 12989K [0x00000000f5580000, 0x00000000ffc00000, 0x0000000100000000)
  eden space 66048K, 0% used [0x00000000f5580000,0x00000000f5580000,0x00000000f9600000)
  from space 49152K, 26% used [0x00000000f9600000,0x00000000fa2af4c8,0x00000000fc600000)
  to   space 48128K, 0% used [0x00000000fcd00000,0x00000000fcd00000,0x00000000ffc00000)
 ParOldGen       total 312320K, used 179667K [0x00000000e0000000, 0x00000000f3100000, 0x00000000f5580000)
  object space 312320K, 57% used [0x00000000e0000000,0x00000000eaf74e40,0x00000000f3100000)
 Metaspace       used 128646K, capacity 136202K, committed 136232K, reserved 1167360K
  class space    used 16637K, capacity 18223K, committed 18224K, reserved 1048576K
}

